Processor 5e1ff158d687e is executing command: 
Processor 5e1ff158d687e is executing command: someCommand
Processor 5e1ff158d687e is executing command: someCommand
Processor 5e1ff158d687e is executing command: someCommand
Processor 5e1ff158d687e is executing command: someCommand
Processor 5e1ff158d687e is executing command: someCommand
Processor 5e1ff158d687e is executing command: someCommand
Processor 5e1ff158d687e is executing command: someCommand
Processor 5e1ff158d687e is executing command: someCommand
Processor 5e1ff158d687e is executing command: someCommand
Processor 5e1ff158d687e is executing command: 
Processor 5e1ff158d687e is executing command: 
Processor 5e1ff158d687e is executing command: 
Processor 5e1ff43d7a6c0 is executing command: 
Processor 5e1ff5042b6cf is executing command: 
Processor 5e1ff5042b6cf is executing command: 
Processor 5e1ff5042b6cf is executing command: someCommand
Processor 5e1ff5042b6cf is executing command: someCommand
Processor 5e1ff5042b6cf is executing command: someCommand
Processor 5e1ff5042b6cf is executing command: 
Processor 5e1ff5042b6cf is executing command: 
Processor 5e1ff5042b6cf is executing command: 
Processor 5e1ff5042b6cf is executing command: 
Processor 5e1ff5042b6cf is executing command: 
Processor 5e1ff5042b6cf is executing command: 
Processor 5e1ff5042b6cf is executing command: someCommand
Processor 5e1ff5042b6cf is executing command: someCommand
Processor 5e1ff5042b6cf is executing command: someCommand
Processor 5e1ff5042b6cf is executing command: someCommand
Processor 5e1ff5042b6cf is executing command: someCommand
Processor 5e1ff5042b6cf is executing command: someCommand
Processor 5e1ff5042b6cf is executing command: someCommand
Processor 5e1ff5042b6cf is executing command: someCommand
Processor 5e1ff5042b6cf is executing command: someCommand
Processor 5e1ff5042b6cf is executing command: someCommand
Processor 5e1ff5042b6cf is executing command: someCommand
Processor 5e1ff5042b6cf is executing command: someCommand
Processor 5e1ff5042b6cf is executing command: 
Processor 5e1ff5042b6cf is executing command: 
Processor 5e1ff5042b6cf is executing command: 
Processor 5e1ff5042b6cf is executing command: 
Processor 5e1ff5042b6cf is executing command: 
Processor 5e1ff5042b6cf is executing command: 
Processor 5e1ff5042b6cf is executing command: 
Processor 5e1ff5042b6cf is executing command: 
Processor 5e1ff5042b6cf is executing command: someCommand
Processor 5e1ff5042b6cf is executing command: someCommand
Processor 5e1ff5042b6cf is executing command: someCommand
Processor 5e1ff5042b6cf is executing command: 
Processor 5e1ff5042b6cf is executing command: 
Processor 5e1ff5042b6cf is executing command: 
Processor 5e1ff5042b6cf is executing command: 
Processor 5e1ff5042b6cf is executing command: 
Processor 5e1ff5042b6cf is executing command: someCommand
Processor 5e1ff5042b6cf is executing command: someCommand
Processor 5e1ff5042b6cf is executing command: someCommand
Processor 5e1ff5042b6cf is executing command: 
Processor 5e1ff5042b6cf is executing command: 
Processor 5e1ff5042b6cf is executing command: 
Processor 5e1ff5042b6cf is executing command: 
Processor 5e1ff5042b6cf is executing command: 
Processor 5e1ff5042b6cf is executing command: 
Processor 5e1ff5042b6cf is executing command: 
Processor 5e1ff5042b6cf is executing command: 
Processor 5e1ff5042b6cf is executing command: 
Processor 5e1ff5042b6cf is executing command: 
Processor 5e1ff5042b6cf is executing command: 
Processor 5e201a76b4650 is executing command: someCommandPriority:someCommand
Processor 5e201a76b4650 is executing command: someCommandPriority:someCommand
Processor 5e201a76b4650 is executing command: someCommandPriority:someCommand
Processor 5e201a76b4650 is executing command: someCommandPriority:someCommand
Processor 5e201a76b4650 is executing command: someCommandPriority:someCommand
Processor 5e201a76b4650 is executing command: someCommandPriority:someCommand
Sleeping for 10s.....
Sleeping for 10s.....
Sleeping for 10s.....
Sleeping for 100s.....
Sleeping for 10s.....
Sleeping for 10s.....
Sleeping for 10s.....
Sleeping for 10s.....
Sleeping for 10s.....
Sleeping for 10s.....
Processor 5e201bc9a16a0 is executing command: someCommandPriority:someCommand
Processor 5e201bca2edff is executing command: someCommandPriority:someCommand
Processor 5e201bccbab79 is executing command: someCommandPriority:someCommand
Sleeping for 10s.....
Sleeping for 10s.....
Sleeping for 10s.....
Sleeping for 10s.....
Sleeping for 10s.....
Sleeping for 10s.....
Sleeping for 10s.....
Sleeping for 10s.....
Sleeping for 10s.....
Sleeping for 100s.....
Sleeping for 100s.....
Sleeping for 100s.....
Processor 5e201bca2edff is executing command: Priority:
Processor 5e201bc9a16a0 is executing command: Priority:
Processor 5e201bccbab79 is executing command: Priority:
Sleeping for 10s.....
Sleeping for 10s.....
Sleeping for 10s.....
Sleeping for 10s.....
Sleeping for 10s.....
Sleeping for 10s.....
Sleeping for 10s.....
Sleeping for 10s.....
Sleeping for 10s.....
Sleeping for 100s.....
Sleeping for 100s.....
Sleeping for 100s.....
Processor 5e201bca2edff is executing command: Priority:
Processor 5e201bccbab79 is executing command: Priority:
Processor 5e201bc9a16a0 is executing command: Priority:
Sleeping for 10s.....
Sleeping for 10s.....
Sleeping for 10s.....
Sleeping for 10s.....
Sleeping for 10s.....
Sleeping for 10s.....
Sleeping for 10s.....
Sleeping for 10s.....
Sleeping for 10s.....
Sleeping for 100s.....
Sleeping for 100s.....
Sleeping for 100s.....
Processor 5e201bca2edff is executing command: Priority:
Processor 5e201bc9a16a0 is executing command: Priority:
Processor 5e201bccbab79 is executing command: Priority:
Sleeping for 10s.....
Sleeping for 10s.....
Sleeping for 10s.....
Sleeping for 10s.....
Sleeping for 10s.....
Sleeping for 10s.....
Sleeping for 10s.....
Sleeping for 10s.....
Sleeping for 10s.....
Sleeping for 100s.....
Sleeping for 100s.....
Sleeping for 100s.....
Processor 5e201bccbab79 is executing command: Priority:
Processor 5e201bca2edff is executing command: Priority:
Processor 5e201bc9a16a0 is executing command: Priority:
Sleeping for 10s.....
Sleeping for 10s.....
Sleeping for 10s.....
Sleeping for 10s.....
Sleeping for 10s.....
Sleeping for 10s.....
Sleeping for 10s.....
Sleeping for 10s.....
Sleeping for 10s.....
Sleeping for 100s.....
Sleeping for 100s.....
Sleeping for 100s.....
Processor 5e201bca2edff is executing command: Priority:
Processor 5e201bccbab79 is executing command: Priority:
Processor 5e201bc9a16a0 is executing command: Priority:
Sleeping for 10s.....
Sleeping for 10s.....
Sleeping for 10s.....
Sleeping for 10s.....
Sleeping for 10s.....
Sleeping for 10s.....
Sleeping for 10s.....
Sleeping for 10s.....
Sleeping for 10s.....
Sleeping for 100s.....
Sleeping for 100s.....
Sleeping for 100s.....
Processor 5e201bccbab79 is executing command: Priority:
Processor 5e201bca2edff is executing command: Priority:
Processor 5e201bc9a16a0 is executing command: Priority:
Sleeping for 10s.....
Sleeping for 10s.....
Sleeping for 10s.....
Sleeping for 10s.....
Sleeping for 10s.....
Sleeping for 10s.....
Sleeping for 10s.....
Sleeping for 10s.....
Sleeping for 10s.....
Sleeping for 100s.....
Sleeping for 100s.....
Sleeping for 100s.....
Processor 5e201bccbab79 is executing command: Priority:
Processor 5e201bca2edff is executing command: Priority:
Processor 5e201bc9a16a0 is executing command: Priority:
Sleeping for 10s.....
Sleeping for 10s.....
Sleeping for 10s.....
Sleeping for 10s.....
Sleeping for 10s.....
Sleeping for 10s.....
Sleeping for 10s.....
Sleeping for 10s.....
Sleeping for 10s.....
Sleeping for 100s.....
Sleeping for 100s.....
Sleeping for 100s.....
Processor 5e201bccbab79 is executing command: Priority:
Processor 5e201bca2edff is executing command: Priority:
Processor 5e201bc9a16a0 is executing command: Priority:
Sleeping for 10s.....
Sleeping for 10s.....
Sleeping for 10s.....
Sleeping for 10s.....
Sleeping for 10s.....
Sleeping for 10s.....
Sleeping for 10s.....
Sleeping for 10s.....
Sleeping for 10s.....
Sleeping for 100s.....
Sleeping for 100s.....
Sleeping for 100s.....
Processor 5e201bca2edff is executing command: Priority:
Processor 5e201bc9a16a0 is executing command: Priority:
Processor 5e201bccbab79 is executing command: Priority:
Sleeping for 10s.....
Sleeping for 10s.....
Sleeping for 10s.....
Sleeping for 10s.....
Sleeping for 10s.....
Sleeping for 10s.....
Sleeping for 10s.....
Sleeping for 10s.....
Sleeping for 10s.....
Sleeping for 100s.....
Sleeping for 100s.....
Sleeping for 100s.....
Processor 5e201bccbab79 is executing command: Priority:
Processor 5e201bca2edff is executing command: Priority:
Processor 5e201bc9a16a0 is executing command: Priority:
Sleeping for 10s.....
Sleeping for 10s.....
Sleeping for 10s.....
Sleeping for 10s.....
Sleeping for 10s.....
Sleeping for 10s.....
Sleeping for 10s.....
Sleeping for 10s.....
Sleeping for 10s.....
Sleeping for 100s.....
Sleeping for 100s.....
Sleeping for 100s.....
Processor 5e201bccbab79 is executing command: Priority:
Processor 5e201bca2edff is executing command: Priority:
Processor 5e201bc9a16a0 is executing command: Priority:
Sleeping for 10s.....
Sleeping for 10s.....
Sleeping for 10s.....
Sleeping for 10s.....
Sleeping for 10s.....
Sleeping for 10s.....
Sleeping for 10s.....
Sleeping for 10s.....
Sleeping for 10s.....
Sleeping for 100s.....
Sleeping for 100s.....
Sleeping for 100s.....
Processor 5e201bccbab79 is executing command: Priority:
Processor 5e201bca2edff is executing command: Priority:
Processor 5e201bc9a16a0 is executing command: Priority:
Sleeping for 10s.....
Sleeping for 10s.....
Sleeping for 10s.....
Sleeping for 10s.....
Sleeping for 10s.....
Sleeping for 10s.....
Sleeping for 10s.....
Sleeping for 10s.....
Sleeping for 10s.....
Sleeping for 100s.....
Sleeping for 100s.....
Sleeping for 100s.....
Processor 5e201bccbab79 is executing command: Priority:
Processor 5e201bca2edff is executing command: Priority:
Processor 5e201bc9a16a0 is executing command: Priority:
Sleeping for 10s.....
Sleeping for 10s.....
Sleeping for 10s.....
Sleeping for 10s.....
Sleeping for 10s.....
Sleeping for 10s.....
Sleeping for 10s.....
Sleeping for 10s.....
Sleeping for 10s.....
Sleeping for 100s.....
Sleeping for 100s.....
Sleeping for 100s.....
Processor 5e201bccbab79 is executing command: Priority:
Processor 5e201bc9a16a0 is executing command: Priority:
Processor 5e201bca2edff is executing command: Priority:
Sleeping for 10s.....
Sleeping for 10s.....
Sleeping for 10s.....
Sleeping for 10s.....
Sleeping for 10s.....
Sleeping for 10s.....
Sleeping for 10s.....
Sleeping for 10s.....
Sleeping for 10s.....
Sleeping for 100s.....
Sleeping for 100s.....
Sleeping for 100s.....
Processor 5e201bccbab79 is executing command: Priority:
